STAR version=2.7.10a
STAR compilation time,server,dir=2022-01-14T18:50:00-05:00 :/home/dobin/data/STAR/STARcode/STAR.master/source
STAR git: On branch master ; commit ae26add7ea1724f3281ec8abedb71bcff6a4ae73 ; diff files: CHANGES.md README.md RELEASEnotes.md doc/STARmanual.pdf extras/doc-latex/STARmanual.tex extras/doc-latex/convertParDefToLatexTable.awk extras/doc-latex/parametersDefault.tex extras/docker/Dockerfile source/VERSION 
##### Command Line:
STAR --runThreadN 8 --runMode genomeGenerate --genomeDir data/reference/amplicon_star_index --genomeFastaFiles data/reference/amplicon_bgiseq.fasta --genomeSAindexNbases 3
##### Initial USER parameters from Command Line:
###### All USER parameters from Command Line:
runThreadN                    8     ~RE-DEFINED
runMode                       genomeGenerate        ~RE-DEFINED
genomeDir                     data/reference/amplicon_star_index     ~RE-DEFINED
genomeFastaFiles              data/reference/amplicon_bgiseq.fasta        ~RE-DEFINED
genomeSAindexNbases           3     ~RE-DEFINED
##### Finished reading parameters from all sources

##### Final user re-defined parameters-----------------:
runMode                           genomeGenerate   
runThreadN                        8
genomeDir                         data/reference/amplicon_star_index
genomeFastaFiles                  data/reference/amplicon_bgiseq.fasta   
genomeSAindexNbases               3

-------------------------------
##### Final effective command line:
STAR   --runMode genomeGenerate      --runThreadN 8   --genomeDir data/reference/amplicon_star_index   --genomeFastaFiles data/reference/amplicon_bgiseq.fasta      --genomeSAindexNbases 3
----------------------------------------

Number of fastq files for each mate = 1
ParametersSolo: --soloCellFilterType CellRanger2.2 filtering parameters:  3000 0.99 10
Finished loading and checking parameters
--genomeDir directory exists and will be overwritten: data/reference/amplicon_star_index/
Jul 11 00:21:41 ... starting to generate Genome files
data/reference/amplicon_bgiseq.fasta : chr # 0  "amplicon_bgiseq" chrStart: 0
Chromosome sequence lengths: 
amplicon_bgiseq	277
Genome sequence total length = 277
Genome size with padding = 262144
Estimated genome size with padding and SJs: total=genome+SJ=201262144 = 262144 + 201000000
GstrandBit=32
Number of SA indices: 516
Jul 11 00:21:41 ... starting to sort Suffix Array. This may take a long time...
Number of chunks: 8;   chunks size limit: 584 bytes
Jul 11 00:21:41 ... sorting Suffix Array chunks and saving them to disk...
Writing 584 bytes into data/reference/amplicon_star_index//SA_1 ; empty space on disk = 3457643737776128 bytes ... done
Writing 584 bytes into data/reference/amplicon_star_index//SA_2 ; empty space on disk = 3457643737776128 bytes ... done
Writing 584 bytes into data/reference/amplicon_star_index//SA_0 ; empty space on disk = 3457643737776128 bytes ... done
Writing 568 bytes into data/reference/amplicon_star_index//SA_3 ; empty space on disk = 3457643737776128 bytes ... done
Writing Writing 576 bytes into 568 bytes into data/reference/amplicon_star_index//SA_6on disk = 37776128 bytes ...2144
Estimated genome  ; empty space on disk = 3457643737776128 bytes ... done
 done
g Writing 576 bytes into 568 bytes into data/reference/amplicon_star_index//SA_6on disk = 37776128 bytes ...2144
Estimated genome  ; empty space on disk = 3457643737776128 bytes ... done
Writing 560 bytes into data/reference/amplicon_star_index//SA_5 ; empty space on disk = 3457643737776128 bytes ... done
Writing 104 bytes into data/reference/amplicon_star_index//SA_7 ; empty space on disk = 3457643737776128 bytes ... done
Jul 11 00:21:41 ... loading chunks from disk, packing SA...
Jul 11 00:21:41 ... finished generating suffix array
Jul 11 00:21:41 ... generating Suffix Array index
Jul 11 00:21:41 ... completed Suffix Array index
Jul 11 00:21:41 ... writing Genome to disk ...
Writing 262144 bytes into data/reference/amplicon_star_index//Genome ; empty space on disk = 3457643733581824 bytes ... done
SA size in bytes: 2132
Jul 11 00:21:41 ... writing Suffix Array to disk ...
Writing 2132 bytes into data/reference/amplicon_star_index//SA ; empty space on disk = 3457643725193216 bytes ... done
Jul 11 00:21:41 ... writing SAindex to disk
Writing 8 bytes into data/reference/amplicon_star_index//SAindex ; empty space on disk = 3457643725193216 bytes ... done
Writing 32 bytes into data/reference/amplicon_star_index//SAindex ; empty space on disk = 3457643725193216 bytes ... done
Writing 371 bytes into data/reference/amplicon_star_index//SAindex ; empty space on disk = 3457643725193216 bytes ... done
Jul 11 00:21:41 ..... finished successfully
DONE: Genome generation, EXITING
